<?xml version="1.0" encoding="UTF-8"?>
<testng-results ignored="0" total="1" passed="1" failed="0" skipped="0">
  <reporter-output>
  </reporter-output>
  <suite started-at="2025-02-06T19:48:42 IST" name="Default suite" finished-at="2025-02-06T19:48:42 IST" duration-ms="143">
    <groups>
    </groups>
    <test started-at="2025-02-06T19:48:42 IST" name="Default test" finished-at="2025-02-06T19:48:42 IST" duration-ms="143">
      <class name="sample.Git_practice">
        <test-method signature="test()[pri:0, instance:sample.Git_practice@6bd61f98]" started-at="2025-02-06T19:48:42 IST" name="test" finished-at="2025-02-06T19:48:42 IST" duration-ms="27" status="PASS">
          <reporter-output>
          </reporter-output>
        </test-method> <!-- test -->
      </class> <!-- sample.Git_practice -->
    </test> <!-- Default test -->
  </suite> <!-- Default suite -->
</testng-results>
