<?xml version="1.0" encoding="UTF-8"?>
<testng-results ignored="0" total="1" passed="1" failed="0" skipped="0">
  <reporter-output>
  </reporter-output>
  <suite started-at="2025-02-06T12:51:04 IST" name="Default suite" finished-at="2025-02-06T12:51:04 IST" duration-ms="143">
    <groups>
    </groups>
    <test started-at="2025-02-06T12:51:04 IST" name="Default test" finished-at="2025-02-06T12:51:04 IST" duration-ms="143">
      <class name="Sample.demo">
        <test-method signature="m8()[pri:0, instance:Sample.demo@6bd61f98]" started-at="2025-02-06T12:51:04 IST" name="m8" finished-at="2025-02-06T12:51:04 IST" duration-ms="24" status="PASS">
          <reporter-output>
          </reporter-output>
        </test-method> <!-- m8 -->
      </class> <!-- Sample.demo -->
    </test> <!-- Default test -->
  </suite> <!-- Default suite -->
</testng-results>
